<?xml version="1.0" encoding="UTF-8"?>
<testng-results ignored="0" total="1" passed="1" failed="0" skipped="0">
  <reporter-output>
  </reporter-output>
  <suite started-at="2024-12-13T15:51:35 IST" name="Default suite" finished-at="2024-12-13T15:51:49 IST" duration-ms="13771">
    <groups>
    </groups>
    <test started-at="2024-12-13T15:51:35 IST" name="Default test" finished-at="2024-12-13T15:51:49 IST" duration-ms="13771">
      <class name="test.JpetstoreTestlogingpage">
        <test-method is-config="true" signature="setup()[pri:0, instance:test.JpetstoreTestlogingpage@5afa3c9]" started-at="2024-12-13T15:51:31 IST" name="setup" finished-at="2024-12-13T15:51:35 IST" duration-ms="4792" status="PASS">
          <reporter-output>
          </reporter-output>
        </test-method> <!-- setup -->
        <test-method signature="JpetstoreTestloginingpage()[pri:1, instance:test.JpetstoreTestlogingpage@5afa3c9]" started-at="2024-12-13T15:51:35 IST" name="JpetstoreTestloginingpage" finished-at="2024-12-13T15:51:49 IST" duration-ms="13618" status="PASS">
          <reporter-output>
          </reporter-output>
        </test-method> <!-- JpetstoreTestloginingpage -->
      </class> <!-- test.JpetstoreTestlogingpage -->
    </test> <!-- Default test -->
  </suite> <!-- Default suite -->
</testng-results>
